Arguments: 
  C:\Program Files\nodejs\node.exe C:\Users\Administrator\AppData\Roaming\npm\node_modules\yarn\bin\yarn.js add json-server -g

PATH: 
  C:\Program Files (x86)\Common Files\Oracle\Java\javapath;C:\Windows\system32;C:\Windows;C:\Windows\System32\Wbem;C:\Windows\System32\WindowsPowerShell\v1.0\C:\Program Files\Java\jdk1.8.0_191\bin;C:\Program Files\Notepad++;C:\Program Files\Git\cmd;C:\Program Files\nodejs\;C:\Program Files\MongoDB\Server\3.4\bin;C:\Users\Administrator\AppData\Roaming\npm;D:\Microsoft VS Code\bin;D:\Bandizip\;E:\markdownpad2-portable\MarkdownPad2.exe;

Yarn version: 
  1.22.4

Node version: 
  8.2.1

Platform: 
  win32 x64

Trace: 
  Error: connect ETIMEDOUT 104.16.21.35:443
      at Object.exports._errnoException (util.js:1024:11)
      at exports._exceptionWithHostPort (util.js:1047:20)
      at TCPConnectWrap.afterConnect [as oncomplete] (net.js:1150:14)

npm manifest: 
  {
    "name": "y",
    "version": "1.0.0",
    "main": "server.js",
    "scripts": {
      "test": "echo \"Error: no test specified\" && exit 1"
    },
    "author": "",
    "license": "ISC",
    "description": ""
  }

yarn manifest: 
  No manifest

Lockfile: 
  No lockfile
